<?xml version="1.0" encoding="UTF-8"?>
<!-- Generated by org.testng.reporters.JUnitReportReporter -->
<testsuite skipped="0" hostname="Yogesh-PC" name="com.crm.qa.testcases.HomePageTest" tests="5" failures="0" timestamp="18 Jan 2018 13:04:49 GMT" time="98.651" errors="0">
  <testcase name="titleTest" time="17.600" classname="com.crm.qa.testcases.HomePageTest"/>
  <testcase name="lableTest" time="18.622" classname="com.crm.qa.testcases.HomePageTest"/>
  <testcase name="contactsLinkTest" time="24.637" classname="com.crm.qa.testcases.HomePageTest"/>
  <testcase name="dealsLinkTest" time="20.201" classname="com.crm.qa.testcases.HomePageTest"/>
  <testcase name="tasksLinkTest" time="17.591" classname="com.crm.qa.testcases.HomePageTest"/>
</testsuite> <!-- com.crm.qa.testcases.HomePageTest -->
