<?xml version="1.0" encoding="UTF-8"?>
<!-- Generated by org.testng.reporters.JUnitReportReporter -->
<testsuite skipped="0" hostname="Yogesh-PC" name="com.crm.qa.testcases.LoginPageTest" tests="3" failures="0" timestamp="17 Jan 2018 03:55:06 GMT" time="27.955" errors="0">
  <testcase name="titleTest" time="8.942" classname="com.crm.qa.testcases.LoginPageTest"/>
  <testcase name="logoTest" time="9.564" classname="com.crm.qa.testcases.LoginPageTest"/>
  <testcase name="loginTest" time="9.449" classname="com.crm.qa.testcases.LoginPageTest"/>
</testsuite> <!-- com.crm.qa.testcases.LoginPageTest -->
